Build started 10/28/2013 12:21:50 AM.
     1>Project "D:\Porn\Just kidding\Anul 3\EGC\Tema1\lab2_ex1_v2\lab2\lab2.vcxproj" on node 2 (Build target(s)).
     1>ClCompile:
         D:\Programe\Visual Studio\VC\bin\CL.exe /c /Idependente /ZI /nologo /W3 /WX- /Od /Oy- /D _MBCS /Gm /EHsc /RTC1 /MDd /GS /fp:precise /Zc:wchar_t /Zc:forScope /Fo"Debug\\" /Fd"Debug\vc110.pdb" /Gd /TP /analyze- /errorReport:prompt main.cpp
         main.cpp
     1>d:\porn\just kidding\anul 3\egc\tema1\lab2_ex1_v2\lab2\framework\object2d.h(23): warning C4018: '<' : signed/unsigned mismatch
     1>d:\porn\just kidding\anul 3\egc\tema1\lab2_ex1_v2\lab2\framework\circle2d.h(24): warning C4244: '=' : conversion from 'double' to 'float', possible loss of data
     1>d:\porn\just kidding\anul 3\egc\tema1\lab2_ex1_v2\lab2\framework\circle2d.h(48): warning C4244: '=' : conversion from 'double' to 'float', possible loss of data
     1>d:\porn\just kidding\anul 3\egc\tema1\lab2_ex1_v2\lab2\main.cpp(22): warning C4305: 'argument' : truncation from 'double' to 'float'
     1>d:\porn\just kidding\anul 3\egc\tema1\lab2_ex1_v2\lab2\main.cpp(30): warning C4244: 'argument' : conversion from 'int' to 'float', possible loss of data
     1>d:\porn\just kidding\anul 3\egc\tema1\lab2_ex1_v2\lab2\main.cpp(34): warning C4244: 'argument' : conversion from 'int' to 'float', possible loss of data
     1>d:\porn\just kidding\anul 3\egc\tema1\lab2_ex1_v2\lab2\main.cpp(36): warning C4244: 'argument' : conversion from 'int' to 'float', possible loss of data
     1>d:\porn\just kidding\anul 3\egc\tema1\lab2_ex1_v2\lab2\main.cpp(36): warning C4305: 'argument' : truncation from 'double' to 'float'
     1>d:\porn\just kidding\anul 3\egc\tema1\lab2_ex1_v2\lab2\main.cpp(71): warning C4305: 'argument' : truncation from 'double' to 'float'
     1>d:\porn\just kidding\anul 3\egc\tema1\lab2_ex1_v2\lab2\main.cpp(74): warning C4305: 'argument' : truncation from 'double' to 'float'
       Link:
         D:\Programe\Visual Studio\VC\bin\link.exe /ERRORREPORT:PROMPT /OUT:"D:\Porn\Just kidding\Anul 3\EGC\Tema1\lab2_ex1_v2\Debug\lab2.exe" /INCREMENTAL /NOLOGO /LIBPATH:dependente freeglut.lib kernel32.lib user32.lib gdi32.lib winspool.lib comdlg32.lib advapi32.lib shell32.lib ole32.lib oleaut32.lib uuid.lib odbc32.lib odbccp32.lib /MANIFEST /MANIFESTUAC:"level='asInvoker' uiAccess='false'" /manifest:embed /DEBUG /PDB:"D:\Porn\Just kidding\Anul 3\EGC\Tema1\lab2_ex1_v2\Debug\lab2.pdb" /TLBID:1 /DYNAMICBASE /NXCOMPAT /IMPLIB:"D:\Porn\Just kidding\Anul 3\EGC\Tema1\lab2_ex1_v2\Debug\lab2.lib" /MACHINE:X86 Debug\DrawingWindow.obj
         Debug\Transform2D.obj
         Debug\Visual2D.obj
         Debug\main.obj
         Debug\Player.obj
         lab2.vcxproj -> D:\Porn\Just kidding\Anul 3\EGC\Tema1\lab2_ex1_v2\Debug\lab2.exe
     1>Done Building Project "D:\Porn\Just kidding\Anul 3\EGC\Tema1\lab2_ex1_v2\lab2\lab2.vcxproj" (Build target(s)).

Build succeeded.

Time Elapsed 00:00:01.50
